2022-01-14 11:57:54,545 - mmaction - INFO - Environment info:
------------------------------------------------------------
sys.platform: linux
Python: 3.8.12 (default, Oct 12 2021, 13:49:34) [GCC 7.5.0]
CUDA available: True
GPU 0: NVIDIA GeForce RTX 3080
CUDA_HOME: /usr/local/cuda
NVCC: Build cuda_11.3.r11.3/compiler.29920130_0
GCC: gcc (Ubuntu 9.3.0-17ubuntu1~20.04) 9.3.0
PyTorch: 1.10.1+cu113
PyTorch compiling details: PyTorch built with:
  - GCC 7.3
  - C++ Version: 201402
  - Intel(R) Math Kernel Library Version 2020.0.0 Product Build 20191122 for Intel(R) 64 architecture applications
  - Intel(R) MKL-DNN v2.2.3 (Git Hash 7336ca9f055cf1bfa13efb658fe15dc9b41f0740)
  - OpenMP 201511 (a.k.a. OpenMP 4.5)
  - LAPACK is enabled (usually provided by MKL)
  - NNPACK is enabled
  - CPU capability usage: AVX2
  - CUDA Runtime 11.3
  - NVCC architecture flags: -gencode;arch=compute_37,code=sm_37;-gencode;arch=compute_50,code=sm_50;-gencode;arch=compute_60,code=sm_60;-gencode;arch=compute_70,code=sm_70;-gencode;arch=compute_75,code=sm_75;-gencode;arch=compute_80,code=sm_80;-gencode;arch=compute_86,code=sm_86
  - CuDNN 8.2
  - Magma 2.5.2
  - Build settings: BLAS_INFO=mkl, BUILD_TYPE=Release, CUDA_VERSION=11.3, CUDNN_VERSION=8.2.0, CXX_COMPILER=/opt/rh/devtoolset-7/root/usr/bin/c++, CXX_FLAGS= -Wno-deprecated -fvisibility-inlines-hidden -DUSE_PTHREADPOOL -fopenmp -DNDEBUG -DUSE_KINETO -DUSE_FBGEMM -DUSE_QNNPACK -DUSE_PYTORCH_QNNPACK -DUSE_XNNPACK -DSYMBOLICATE_MOBILE_DEBUG_HANDLE -DEDGE_PROFILER_USE_KINETO -O2 -fPIC -Wno-narrowing -Wall -Wextra -Werror=return-type -Wno-missing-field-initializers -Wno-type-limits -Wno-array-bounds -Wno-unknown-pragmas -Wno-sign-compare -Wno-unused-parameter -Wno-unused-variable -Wno-unused-function -Wno-unused-result -Wno-unused-local-typedefs -Wno-strict-overflow -Wno-strict-aliasing -Wno-error=deprecated-declarations -Wno-stringop-overflow -Wno-psabi -Wno-error=pedantic -Wno-error=redundant-decls -Wno-error=old-style-cast -fdiagnostics-color=always -faligned-new -Wno-unused-but-set-variable -Wno-maybe-uninitialized -fno-math-errno -fno-trapping-math -Werror=format -Wno-stringop-overflow, LAPACK_INFO=mkl, PERF_WITH_AVX=1, PERF_WITH_AVX2=1, PERF_WITH_AVX512=1, TORCH_VERSION=1.10.1, USE_CUDA=ON, USE_CUDNN=ON, USE_EXCEPTION_PTR=1, USE_GFLAGS=OFF, USE_GLOG=OFF, USE_MKL=ON, USE_MKLDNN=ON, USE_MPI=OFF, USE_NCCL=ON, USE_NNPACK=ON, USE_OPENMP=ON, 

TorchVision: 0.11.2+cu113
OpenCV: 4.5.5
MMCV: 1.4.2
MMCV Compiler: GCC 7.3
MMCV CUDA Compiler: 11.3
MMAction2: 0.21.0+99a0e0a
------------------------------------------------------------

2022-01-14 11:57:54,545 - mmaction - INFO - Distributed training: False
2022-01-14 11:57:55,342 - mmaction - INFO - Config: custom_classes = [5, 8, 34, 35, 54, 64, 71]
num_classes = 8
model = dict(
    type='FastRCNN',
    backbone=dict(
        type='ResNet3dSlowFast',
        pretrained=None,
        resample_rate=8,
        speed_ratio=8,
        channel_ratio=8,
        slow_pathway=dict(
            type='resnet3d',
            depth=50,
            pretrained=None,
            lateral=True,
            conv1_kernel=(1, 7, 7),
            dilations=(1, 1, 1, 1),
            conv1_stride_t=1,
            pool1_stride_t=1,
            inflate=(0, 0, 1, 1),
            spatial_strides=(1, 2, 2, 1)),
        fast_pathway=dict(
            type='resnet3d',
            depth=50,
            pretrained=None,
            lateral=False,
            base_channels=8,
            conv1_kernel=(5, 7, 7),
            conv1_stride_t=1,
            pool1_stride_t=1,
            spatial_strides=(1, 2, 2, 1))),
    roi_head=dict(
        type='AVARoIHead',
        bbox_roi_extractor=dict(
            type='SingleRoIExtractor3D',
            roi_layer_type='RoIAlign',
            output_size=8,
            with_temporal_pool=True),
        bbox_head=dict(
            type='BBoxHeadAVA',
            in_channels=2304,
            num_classes=8,
            multilabel=True,
            dropout_ratio=0.5)),
    train_cfg=dict(
        rcnn=dict(
            assigner=dict(
                type='MaxIoUAssignerAVA',
                pos_iou_thr=0.9,
                neg_iou_thr=0.9,
                min_pos_iou=0.9),
            sampler=dict(
                type='RandomSampler',
                num=32,
                pos_fraction=1,
                neg_pos_ub=-1,
                add_gt_as_proposals=True),
            pos_weight=1.0,
            debug=False)),
    test_cfg=dict(rcnn=dict(action_thr=0.002)))
dataset_type = 'AVADataset'
data_root = '/media/daton/Data/datasets/ava/rawframes'
anno_root = '/media/daton/Data/datasets/ava/annotations'
ann_file_train = '/media/daton/Data/datasets/ava/annotations/ava_train_v2.2.csv'
ann_file_val = '/media/daton/Data/datasets/ava/annotations/ava_val_v2.2.csv'
exclude_file_train = '/media/daton/Data/datasets/ava/annotations/ava_train_excluded_timestamps_v2.2.csv'
exclude_file_val = '/media/daton/Data/datasets/ava/annotations/ava_val_excluded_timestamps_v2.2.csv'
label_file = '/media/daton/Data/datasets/ava/annotations/ava_action_list_v2.2.pbtxt'
proposal_file_train = '/media/daton/Data/datasets/ava/annotations/ava_dense_proposals_train.FAIR.recall_93.9.pkl'
proposal_file_val = '/media/daton/Data/datasets/ava/annotations/ava_dense_proposals_val.FAIR.recall_93.9.pkl'
img_norm_cfg = dict(
    mean=[123.675, 116.28, 103.53], std=[58.395, 57.12, 57.375], to_bgr=False)
train_pipeline = [
    dict(type='SampleAVAFrames', clip_len=32, frame_interval=2),
    dict(type='RawFrameDecode'),
    dict(type='RandomRescale', scale_range=(256, 320)),
    dict(type='RandomCrop', size=256),
    dict(type='Flip', flip_ratio=0.5),
    dict(
        type='Normalize',
        mean=[123.675, 116.28, 103.53],
        std=[58.395, 57.12, 57.375],
        to_bgr=False),
    dict(type='FormatShape', input_format='NCTHW', collapse=True),
    dict(type='Rename', mapping=dict(imgs='img')),
    dict(type='ToTensor', keys=['img', 'proposals', 'gt_bboxes', 'gt_labels']),
    dict(
        type='ToDataContainer',
        fields=[
            dict(key=['proposals', 'gt_bboxes', 'gt_labels'], stack=False)
        ]),
    dict(
        type='Collect',
        keys=['img', 'proposals', 'gt_bboxes', 'gt_labels'],
        meta_keys=['scores', 'entity_ids'])
]
val_pipeline = [
    dict(type='SampleAVAFrames', clip_len=32, frame_interval=2),
    dict(type='RawFrameDecode'),
    dict(type='Resize', scale=(-1, 256)),
    dict(
        type='Normalize',
        mean=[123.675, 116.28, 103.53],
        std=[58.395, 57.12, 57.375],
        to_bgr=False),
    dict(type='FormatShape', input_format='NCTHW', collapse=True),
    dict(type='Rename', mapping=dict(imgs='img')),
    dict(type='ToTensor', keys=['img', 'proposals']),
    dict(type='ToDataContainer', fields=[dict(key='proposals', stack=False)]),
    dict(
        type='Collect',
        keys=['img', 'proposals'],
        meta_keys=['scores', 'img_shape'],
        nested=True)
]
data = dict(
    videos_per_gpu=2,
    workers_per_gpu=2,
    val_dataloader=dict(videos_per_gpu=1),
    test_dataloader=dict(videos_per_gpu=1),
    train=dict(
        type='AVADataset',
        ann_file=
        '/media/daton/Data/datasets/ava/annotations/ava_train_v2.2.csv',
        exclude_file=
        '/media/daton/Data/datasets/ava/annotations/ava_train_excluded_timestamps_v2.2.csv',
        pipeline=[
            dict(type='SampleAVAFrames', clip_len=32, frame_interval=2),
            dict(type='RawFrameDecode'),
            dict(type='RandomRescale', scale_range=(256, 320)),
            dict(type='RandomCrop', size=256),
            dict(type='Flip', flip_ratio=0.5),
            dict(
                type='Normalize',
                mean=[123.675, 116.28, 103.53],
                std=[58.395, 57.12, 57.375],
                to_bgr=False),
            dict(type='FormatShape', input_format='NCTHW', collapse=True),
            dict(type='Rename', mapping=dict(imgs='img')),
            dict(
                type='ToTensor',
                keys=['img', 'proposals', 'gt_bboxes', 'gt_labels']),
            dict(
                type='ToDataContainer',
                fields=[
                    dict(
                        key=['proposals', 'gt_bboxes', 'gt_labels'],
                        stack=False)
                ]),
            dict(
                type='Collect',
                keys=['img', 'proposals', 'gt_bboxes', 'gt_labels'],
                meta_keys=['scores', 'entity_ids'])
        ],
        label_file=
        '/media/daton/Data/datasets/ava/annotations/ava_action_list_v2.2.pbtxt',
        proposal_file=
        '/media/daton/Data/datasets/ava/annotations/ava_dense_proposals_train.FAIR.recall_93.9.pkl',
        person_det_score_thr=0.9,
        num_classes=8,
        custom_classes=[5, 8, 34, 35, 54, 64, 71],
        data_prefix='/media/daton/Data/datasets/ava/rawframes'),
    val=dict(
        type='AVADataset',
        ann_file='/media/daton/Data/datasets/ava/annotations/ava_val_v2.2.csv',
        exclude_file=
        '/media/daton/Data/datasets/ava/annotations/ava_val_excluded_timestamps_v2.2.csv',
        pipeline=[
            dict(type='SampleAVAFrames', clip_len=32, frame_interval=2),
            dict(type='RawFrameDecode'),
            dict(type='Resize', scale=(-1, 256)),
            dict(
                type='Normalize',
                mean=[123.675, 116.28, 103.53],
                std=[58.395, 57.12, 57.375],
                to_bgr=False),
            dict(type='FormatShape', input_format='NCTHW', collapse=True),
            dict(type='Rename', mapping=dict(imgs='img')),
            dict(type='ToTensor', keys=['img', 'proposals']),
            dict(
                type='ToDataContainer',
                fields=[dict(key='proposals', stack=False)]),
            dict(
                type='Collect',
                keys=['img', 'proposals'],
                meta_keys=['scores', 'img_shape'],
                nested=True)
        ],
        label_file=
        '/media/daton/Data/datasets/ava/annotations/ava_action_list_v2.2.pbtxt',
        proposal_file=
        '/media/daton/Data/datasets/ava/annotations/ava_dense_proposals_val.FAIR.recall_93.9.pkl',
        person_det_score_thr=0.9,
        num_classes=8,
        custom_classes=[5, 8, 34, 35, 54, 64, 71],
        data_prefix='/media/daton/Data/datasets/ava/rawframes'),
    test=dict(
        type='AVADataset',
        ann_file='/media/daton/Data/datasets/ava/annotations/ava_val_v2.2.csv',
        exclude_file=
        '/media/daton/Data/datasets/ava/annotations/ava_val_excluded_timestamps_v2.2.csv',
        pipeline=[
            dict(type='SampleAVAFrames', clip_len=32, frame_interval=2),
            dict(type='RawFrameDecode'),
            dict(type='Resize', scale=(-1, 256)),
            dict(
                type='Normalize',
                mean=[123.675, 116.28, 103.53],
                std=[58.395, 57.12, 57.375],
                to_bgr=False),
            dict(type='FormatShape', input_format='NCTHW', collapse=True),
            dict(type='Rename', mapping=dict(imgs='img')),
            dict(type='ToTensor', keys=['img', 'proposals']),
            dict(
                type='ToDataContainer',
                fields=[dict(key='proposals', stack=False)]),
            dict(
                type='Collect',
                keys=['img', 'proposals'],
                meta_keys=['scores', 'img_shape'],
                nested=True)
        ],
        label_file=
        '/media/daton/Data/datasets/ava/annotations/ava_action_list_v2.2.pbtxt',
        proposal_file=
        '/media/daton/Data/datasets/ava/annotations/ava_dense_proposals_val.FAIR.recall_93.9.pkl',
        person_det_score_thr=0.9,
        num_classes=8,
        custom_classes=[5, 8, 34, 35, 54, 64, 71],
        data_prefix='/media/daton/Data/datasets/ava/rawframes'))
optimizer = dict(type='SGD', lr=0.1125, momentum=0.9, weight_decay=1e-05)
optimizer_config = dict(grad_clip=dict(max_norm=40, norm_type=2))
lr_config = dict(
    policy='step',
    step=[10, 15],
    warmup='linear',
    warmup_by_epoch=True,
    warmup_iters=5,
    warmup_ratio=0.05)
total_epochs = 20
checkpoint_config = dict(interval=1)
workflow = [('train', 1)]
evaluation = dict(interval=1, save_best='mAP@0.5IOU')
log_config = dict(interval=20, hooks=[dict(type='TextLoggerHook')])
dist_params = dict(backend='nccl')
log_level = 'INFO'
work_dir = './work_dirs/ava/slowfast_kinetics_pretrained_r50_4x16x1_20e_ava_rgb_custom'
load_from = 'https://download.openmmlab.com/mmaction/recognition/slowfast/slowfast_r50_4x16x1_256e_kinetics400_rgb/slowfast_r50_4x16x1_256e_kinetics400_rgb_20200704-bcde7ed7.pth'
resume_from = None
find_unused_parameters = False
gpu_ids = range(0, 1)
omnisource = False
module_hooks = []

2022-01-14 11:57:55,343 - mmaction - INFO - Set random seed to 1596339160, deterministic: False
2022-01-14 11:57:56,952 - mmaction - INFO - 9976 out of 9976 frames are valid.
2022-01-14 11:58:00,156 - mmaction - INFO - load checkpoint from http path: https://download.openmmlab.com/mmaction/recognition/slowfast/slowfast_r50_4x16x1_256e_kinetics400_rgb/slowfast_r50_4x16x1_256e_kinetics400_rgb_20200704-bcde7ed7.pth
2022-01-14 11:58:00,232 - mmaction - WARNING - The model and loaded state dict do not match exactly

unexpected key in source state_dict: cls_head.fc_cls.weight, cls_head.fc_cls.bias

missing keys in source state_dict: roi_head.bbox_head.fc_cls.weight, roi_head.bbox_head.fc_cls.bias

2022-01-14 11:58:00,235 - mmaction - INFO - Start running, host: daton@daton-MS-7C94, work_dir: /home/daton/PycharmProjects/pythonProject/mmaction2/tools/work_dirs/ava/slowfast_kinetics_pretrained_r50_4x16x1_20e_ava_rgb_custom
2022-01-14 11:58:00,235 - mmaction - INFO - Hooks will be executed in the following order:
before_run:
(VERY_HIGH   ) StepLrUpdaterHook                  
(NORMAL      ) CheckpointHook                     
(VERY_LOW    ) TextLoggerHook                     
 -------------------- 
before_train_epoch:
(VERY_HIGH   ) StepLrUpdaterHook                  
(LOW         ) IterTimerHook                      
(VERY_LOW    ) TextLoggerHook                     
 -------------------- 
before_train_iter:
(VERY_HIGH   ) StepLrUpdaterHook                  
(LOW         ) IterTimerHook                      
 -------------------- 
after_train_iter:
(ABOVE_NORMAL) OptimizerHook                      
(NORMAL      ) CheckpointHook                     
(LOW         ) IterTimerHook                      
(VERY_LOW    ) TextLoggerHook                     
 -------------------- 
after_train_epoch:
(NORMAL      ) CheckpointHook                     
(VERY_LOW    ) TextLoggerHook                     
 -------------------- 
before_val_epoch:
(LOW         ) IterTimerHook                      
(VERY_LOW    ) TextLoggerHook                     
 -------------------- 
before_val_iter:
(LOW         ) IterTimerHook                      
 -------------------- 
after_val_iter:
(LOW         ) IterTimerHook                      
 -------------------- 
after_val_epoch:
(VERY_LOW    ) TextLoggerHook                     
 -------------------- 
after_run:
(VERY_LOW    ) TextLoggerHook                     
 -------------------- 
2022-01-14 11:58:00,235 - mmaction - INFO - workflow: [('train', 1)], max: 20 epochs
2022-01-14 11:58:00,235 - mmaction - INFO - Checkpoints will be saved to /home/daton/PycharmProjects/pythonProject/mmaction2/tools/work_dirs/ava/slowfast_kinetics_pretrained_r50_4x16x1_20e_ava_rgb_custom by HardDiskBackend.
